<?xml version="1.0" encoding="UTF-8"?>
<testsuite name="CorrecterTest" tests="1" skipped="0" failures="0" errors="0" timestamp="2022-11-06T15:43:30" hostname="MacBook-Pro.local" time="0.108">
  <properties/>
  <testcase name="start" classname="CorrecterTest" time="0.108"/>
  <system-out><![CDATA[?[1;31m
Start test 1?[0m
> Some text to test
Some text to test
SSSooommmeee   ttteeexxxttt   tttooo   ttteeesssttt
iSSKooxmmOee`  ztt?eeAxxBtt^  7ttIoop  ltt\eewssStt
Some text to test
?[1;31m
Start test 2?[0m
> send message to user with id #42354
send message to user with id #42354
ssseeennnddd   mmmeeessssssaaagggeee   tttooo   uuussseeerrr   wwwiiittthhh   iiiddd   ###444222333555444
GssGeetnnOddO  ummHeevss1ssGaaZgg\eek  ittPooP  IuugssBeeRrrY  2wwHiiattahh2  ^ii5ddz  i##P44h22H33755^44
send message to user with id #42354
?[1;31m
Start test 3?[0m
> thq
thq
ttthhhqqq
stt;hhbqq
thq
]]></system-out>
  <system-err><![CDATA[]]></system-err>
</testsuite>
